#
# There is insufficient memory for the Java Runtime Environment to continue.
# Native memory allocation (mmap) failed to map 240123904 bytes for G1 virtual space
# Possible reasons:
#   The system is out of physical RAM or swap space
#   The process is running with CompressedOops enabled, and the Java Heap may be blocking the growth of the native heap
# Possible solutions:
#   Reduce memory load on the system
#   Increase physical memory or swap space
#   Check if swap backing store is full
#   Decrease Java heap size (-Xmx/-Xms)
#   Decrease number of Java threads
#   Decrease Java thread stack sizes (-Xss)
#   Set larger code cache with -XX:ReservedCodeCacheSize=
#   JVM is running with Unscaled Compressed Oops mode in which the Java heap is
#     placed in the first 4GB address space. The Java Heap base address is the
#     maximum limit for the native heap growth. Please use -XX:HeapBaseMinAddress
#     to set the Java Heap base and to place the Java Heap above 4GB virtual address.
# This output file may be truncated or incomplete.
#
#  Out of Memory Error (os_windows.cpp:3541), pid=53712, tid=56796
#
# JRE version: OpenJDK Runtime Environment Temurin-17.0.4.1+1 (17.0.4.1+1) (build 17.0.4.1+1)
# Java VM: OpenJDK 64-Bit Server VM Temurin-17.0.4.1+1 (17.0.4.1+1, mixed mode, emulated-client, tiered, compressed oops, compressed class ptrs, g1 gc, windows-amd64)
# No core dump will be written. Minidumps are not enabled by default on client versions of Windows
#

---------------  S U M M A R Y ------------

Command Line: -Dsts.lsp.client=vscode -Dsts.log.file=/dev/null -XX:TieredStopAtLevel=1 -Xlog:jni+resolve=off -Dspring.config.location=file:c:\Users\JoshB\.vscode\extensions\pivotal.vscode-spring-boot-1.40.0\language-server\BOOT-INF\classes\application.properties org.springframework.ide.vscode.boot.app.BootLanguageServerBootApp

Host: Intel(R) Core(TM) i7-8550U CPU @ 1.80GHz, 8 cores, 7G,  Windows 10 , 64 bit Build 19041 (10.0.19041.1889)
Time: Mon Oct 31 22:25:39 2022 Eastern Daylight Time elapsed time: 30.720539 seconds (0d 0h 0m 30s)

---------------  T H R E A D  ---------------

Current thread (0x00000223591b8650):  VMThread "VM Thread" [stack: 0x0000004c81e00000,0x0000004c81f00000] [id=56796]

Stack: [0x0000004c81e00000,0x0000004c81f00000]
Native frames: (J=compiled Java code, j=interpreted, Vv=VM code, C=native code)
V  [jvm.dll+0x67731a]
V  [jvm.dll+0x832284]
V  [jvm.dll+0x833a2e]
V  [jvm.dll+0x834093]
V  [jvm.dll+0x245775]
V  [jvm.dll+0x674209]
V  [jvm.dll+0x668a92]
V  [jvm.dll+0x30471b]
V  [jvm.dll+0x30bc66]
V  [jvm.dll+0x35ba9e]
V  [jvm.dll+0x35bccf]
V  [jvm.dll+0x2db5b8]
V  [jvm.dll+0x2d986c]
V  [jvm.dll+0x2d8e3c]
V  [jvm.dll+0x31cd9b]
V  [jvm.dll+0x83853b]
V  [jvm.dll+0x839274]
V  [jvm.dll+0x83978c]
V  [jvm.dll+0x839b64]
V  [jvm.dll+0x839c30]
V  [jvm.dll+0x7e240a]
V  [jvm.dll+0x6761a5]
C  [ucrtbase.dll+0x21bb2]
C  [KERNEL32.DLL+0x17034]
C  [ntdll.dll+0x526a1]

VM_Operation (0x0000004c83dfe0f0): G1CollectForAllocation, mode: safepoint, requested by thread 0x000002235a50f300


---------------  P R O C E S S  ---------------

Threads class SMR info:
_java_thread_list=0x000002235b6605f0, length=36, elements={
0x00000223591be930, 0x0000022359c0c8d0, 0x0000022359c49e00, 0x0000022359c4aa70,
0x0000022359c4c430, 0x0000022359c4edf0, 0x0000022349ab1eb0, 0x0000022359c501c0,
0x0000022359e60010, 0x0000022359e68520, 0x000002235a4f8960, 0x000002235a4e41c0,
0x000002235bc00480, 0x000002234be9e3c0, 0x000002235b7f4f80, 0x000002235b734da0,
0x000002235b9ff000, 0x000002235b849c80, 0x0000022359e06900, 0x000002235a50fca0,
0x000002235a50e960, 0x000002235a50ee30, 0x000002235a50f300, 0x000002235a66adc0,
0x000002235a66d440, 0x000002235a6690e0, 0x000002235a66d910, 0x000002235a66f120,
0x000002235a66b290, 0x000002235a66b760, 0x000002235a66dde0, 0x000002235a66c100,
0x000002235a66cf70, 0x000002235a66bc30, 0x000002235a66c5d0, 0x0000022349ab2de0
}

Java Threads: ( => current thread )
  0x00000223591be930 JavaThread "Reference Handler" daemon [_thread_blocked, id=56908, stack(0x0000004c81f00000,0x0000004c82000000)]
  0x0000022359c0c8d0 JavaThread "Finalizer" daemon [_thread_blocked, id=56912, stack(0x0000004c82000000,0x0000004c82100000)]
  0x0000022359c49e00 JavaThread "Signal Dispatcher" daemon [_thread_blocked, id=56964, stack(0x0000004c82100000,0x0000004c82200000)]
  0x0000022359c4aa70 JavaThread "Attach Listener" daemon [_thread_blocked, id=56968, stack(0x0000004c82200000,0x0000004c82300000)]
  0x0000022359c4c430 JavaThread "Service Thread" daemon [_thread_blocked, id=56972, stack(0x0000004c82300000,0x0000004c82400000)]
  0x0000022359c4edf0 JavaThread "Monitor Deflation Thread" daemon [_thread_blocked, id=56976, stack(0x0000004c82400000,0x0000004c82500000)]
  0x0000022349ab1eb0 JavaThread "C1 CompilerThread0" daemon [_thread_blocked, id=56980, stack(0x0000004c82500000,0x0000004c82600000)]
  0x0000022359c501c0 JavaThread "Sweeper thread" daemon [_thread_blocked, id=56984, stack(0x0000004c82600000,0x0000004c82700000)]
  0x0000022359e60010 JavaThread "Notification Thread" daemon [_thread_blocked, id=57080, stack(0x0000004c82700000,0x0000004c82800000)]
  0x0000022359e68520 JavaThread "Common-Cleaner" daemon [_thread_blocked, id=57088, stack(0x0000004c82900000,0x0000004c82a00000)]
  0x000002235a4f8960 JavaThread "boundedElastic-evictor-1" daemon [_thread_blocked, id=58812, stack(0x0000004c82f00000,0x0000004c83000000)]
  0x000002235a4e41c0 JavaThread "pool-9-thread-1" [_thread_blocked, id=59292, stack(0x0000004c83300000,0x0000004c83400000)]
  0x000002235bc00480 JavaThread "LanguageServerApp-lifecycle" [_thread_blocked, id=59308, stack(0x0000004c83400000,0x0000004c83500000)]
  0x000002234be9e3c0 JavaThread "DestroyJavaVM" [_thread_blocked, id=56680, stack(0x0000004c81800000,0x0000004c81900000)]
  0x000002235b7f4f80 JavaThread "pool-10-thread-1" [_thread_in_native, id=18544, stack(0x0000004c83500000,0x0000004c83600000)]
  0x000002235b734da0 JavaThread "Simple-Language-Server main thread" daemon [_thread_blocked, id=14860, stack(0x0000004c83600000,0x0000004c83700000)]
  0x000002235b9ff000 JavaThread "ForkJoinPool.commonPool-worker-1" daemon [_thread_blocked, id=27356, stack(0x0000004c83700000,0x0000004c83800000)]
  0x000002235b849c80 JavaThread "parallel-1" daemon [_thread_blocked, id=53960, stack(0x0000004c83800000,0x0000004c83900000)]
  0x0000022359e06900 JavaThread "ClassGraph-worker-0" daemon [_thread_blocked, id=59404, stack(0x0000004c83900000,0x0000004c83a00000)]
  0x000002235a50fca0 JavaThread "ClassGraph-worker-1" daemon [_thread_blocked, id=59408, stack(0x0000004c83a00000,0x0000004c83b00000)]
  0x000002235a50e960 JavaThread "ClassGraph-worker-2" daemon [_thread_blocked, id=59412, stack(0x0000004c83b00000,0x0000004c83c00000)]
  0x000002235a50ee30 JavaThread "ClassGraph-worker-3" daemon [_thread_blocked, id=59416, stack(0x0000004c83c00000,0x0000004c83d00000)]
  0x000002235a50f300 JavaThread "ClassGraph-worker-4" daemon [_thread_blocked, id=59420, stack(0x0000004c83d00000,0x0000004c83e00000)]
  0x000002235a66adc0 JavaThread "ClassGraph-worker-5" daemon [_thread_blocked, id=59424, stack(0x0000004c83e00000,0x0000004c83f00000)]
  0x000002235a66d440 JavaThread "ClassGraph-worker-6" daemon [_thread_blocked, id=59428, stack(0x0000004c83f00000,0x0000004c84000000)]
  0x000002235a6690e0 JavaThread "ClassGraph-worker-7" daemon [_thread_blocked, id=59432, stack(0x0000004c84000000,0x0000004c84100000)]
  0x000002235a66d910 JavaThread "ClassGraph-worker-8" daemon [_thread_blocked, id=59436, stack(0x0000004c84100000,0x0000004c84200000)]
  0x000002235a66f120 JavaThread "ClassGraph-worker-9" daemon [_thread_blocked, id=59440, stack(0x0000004c84200000,0x0000004c84300000)]
  0x000002235a66b290 JavaThread "ClassGraph-worker-10" daemon [_thread_blocked, id=59444, stack(0x0000004c84300000,0x0000004c84400000)]
  0x000002235a66b760 JavaThread "ClassGraph-worker-11" daemon [_thread_blocked, id=59448, stack(0x0000004c84400000,0x0000004c84500000)]
  0x000002235a66dde0 JavaThread "ClassGraph-worker-12" daemon [_thread_blocked, id=59452, stack(0x0000004c84500000,0x0000004c84600000)]
  0x000002235a66c100 JavaThread "ClassGraph-worker-13" daemon [_thread_blocked, id=59456, stack(0x0000004c84600000,0x0000004c84700000)]
  0x000002235a66cf70 JavaThread "pool-5-thread-1" [_thread_blocked, id=59672, stack(0x0000004c84900000,0x0000004c84a00000)]
  0x000002235a66bc30 JavaThread "parallel-2" daemon [_thread_blocked, id=59676, stack(0x0000004c84a00000,0x0000004c84b00000)]
  0x000002235a66c5d0 JavaThread "Project-Reconciler-1" daemon [_thread_blocked, id=59700, stack(0x0000004c84b00000,0x0000004c84c00000)]
  0x0000022349ab2de0 JavaThread "C1 CompilerThread1" daemon [_thread_blocked, id=59748, stack(0x0000004c84c00000,0x0000004c84d00000)]

Other Threads:
=>0x00000223591b8650 VMThread "VM Thread" [stack: 0x0000004c81e00000,0x0000004c81f00000] [id=56796]
  0x0000022349aaf720 WatcherThread [stack: 0x0000004c82800000,0x0000004c82900000] [id=57084]
  0x000002234bef3050 GCTaskThread "GC Thread#0" [stack: 0x0000004c81900000,0x0000004c81a00000] [id=56724]
  0x000002235a7e2020 GCTaskThread "GC Thread#1" [stack: 0x0000004c82a00000,0x0000004c82b00000] [id=57468]
  0x000002235a7e22d0 GCTaskThread "GC Thread#2" [stack: 0x0000004c82b00000,0x0000004c82c00000] [id=57472]
  0x000002235a7fec10 GCTaskThread "GC Thread#3" [stack: 0x0000004c82c00000,0x0000004c82d00000] [id=57648]
  0x000002235b411940 GCTaskThread "GC Thread#4" [stack: 0x0000004c82d00000,0x0000004c82e00000] [id=57652]
  0x000002235a6d6c80 GCTaskThread "GC Thread#5" [stack: 0x0000004c82e00000,0x0000004c82f00000] [id=57656]
  0x000002235a52a5e0 GCTaskThread "GC Thread#6" [stack: 0x0000004c83000000,0x0000004c83100000] [id=58040]
  0x000002235a52a890 GCTaskThread "GC Thread#7" [stack: 0x0000004c83100000,0x0000004c83200000] [id=58044]
  0x000002234bf04ae0 ConcurrentGCThread "G1 Main Marker" [stack: 0x0000004c81a00000,0x0000004c81b00000] [id=56728]
  0x000002234bf054f0 ConcurrentGCThread "G1 Conc#0" [stack: 0x0000004c81b00000,0x0000004c81c00000] [id=56732]
  0x000002235b63c620 ConcurrentGCThread "G1 Conc#1" [stack: 0x0000004c83200000,0x0000004c83300000] [id=58240]
  0x000002234bf2ec00 ConcurrentGCThread "G1 Refine#0" [stack: 0x0000004c81c00000,0x0000004c81d00000] [id=56736]
  0x0000022359012d80 ConcurrentGCThread "G1 Service" [stack: 0x0000004c81d00000,0x0000004c81e00000] [id=56740]

Threads with active compile tasks:

VM state: at safepoint (normal execution)

VM Mutex/Monitor currently owned by a thread:  ([mutex/lock_event])
[0x0000022349ad7a40] Threads_lock - owner thread: 0x00000223591b8650
[0x0000022349ad3c60] Heap_lock - owner thread: 0x000002235a50f300

Heap address: 0x0000000082600000, size: 2010 MB, Compressed Oops mode: 32-bit

CDS archive(s) not mapped
Compressed class space mapped at: 0x0000000100000000-0x0000000140000000, reserved size: 1073741824
Narrow klass base: 0x0000000000000000, Narrow klass shift: 3, Narrow klass range: 0x140000000

GC Precious Log:
 CPUs: 8 total, 8 available
 Memory: 8033M
 Large Page Support: Disabled
 NUMA Support: Disabled
 Compressed Oops: Enabled (32-bit)
 Heap Region Size: 1M
 Heap Min Capacity: 8M
 Heap Initial Capacity: 126M
 Heap Max Capacity: 2010M
 Pre-touch: Disabled
 Parallel Workers: 8
 Concurrent Workers: 2
 Concurrent Refinement Workers: 8
 Periodic GC: Disabled

Heap:
 garbage-first heap   total 221184K, used 88490K [0x0000000082600000, 0x0000000100000000)
  region size 1024K, 8 young (8192K), 8 survivors (8192K)
 Metaspace       used 38156K, committed 38528K, reserved 1089536K
  class space    used 4827K, committed 4992K, reserved 1048576K

Heap Regions: E=young(eden), S=young(survivor), O=old, HS=humongous(starts), HC=humongous(continues), CS=collection set, F=free, OA=open archive, CA=closed archive, TAMS=top-at-mark-start (previous, next)
|   0|0x0000000082600000, 0x0000000082700000, 0x0000000082700000|100%| O|  |TAMS 0x0000000082700000, 0x0000000082600000| Untracked 
|   1|0x0000000082700000, 0x0000000082800000, 0x0000000082800000|100%| O|  |TAMS 0x0000000082800000, 0x0000000082700000| Untracked 
|   2|0x0000000082800000, 0x0000000082900000, 0x0000000082900000|100%| O|  |TAMS 0x0000000082900000, 0x0000000082800000| Untracked 
|   3|0x0000000082900000, 0x0000000082a00000, 0x0000000082a00000|100%| O|  |TAMS 0x0000000082a00000, 0x0000000082900000| Untracked 
|   4|0x0000000082a00000, 0x0000000082b00000, 0x0000000082b00000|100%| O|  |TAMS 0x0000000082b00000, 0x0000000082a00000| Untracked 
|   5|0x0000000082b00000, 0x0000000082c00000, 0x0000000082c00000|100%| O|  |TAMS 0x0000000082c00000, 0x0000000082b00000| Untracked 
|   6|0x0000000082c00000, 0x0000000082d00000, 0x0000000082d00000|100%| O|  |TAMS 0x0000000082d00000, 0x0000000082c00000| Untracked 
|   7|0x0000000082d00000, 0x0000000082e00000, 0x0000000082e00000|100%| O|  |TAMS 0x0000000082e00000, 0x0000000082d00000| Untracked 
|   8|0x0000000082e00000, 0x0000000082f00000, 0x0000000082f00000|100%| O|  |TAMS 0x0000000082e00000, 0x0000000082e00000| Untracked 
|   9|0x0000000082f00000, 0x0000000083000000, 0x0000000083000000|100%| O|  |TAMS 0x0000000083000000, 0x0000000082f00000| Untracked 
|  10|0x0000000083000000, 0x0000000083100000, 0x0000000083100000|100%| O|  |TAMS 0x0000000083100000, 0x0000000083000000| Untracked 
|  11|0x0000000083100000, 0x0000000083200000, 0x0000000083200000|100%| O|  |TAMS 0x0000000083200000, 0x0000000083100000| Untracked 
|  12|0x0000000083200000, 0x0000000083300000, 0x0000000083300000|100%| O|  |TAMS 0x0000000083300000, 0x0000000083200000| Untracked 
|  13|0x0000000083300000, 0x0000000083400000, 0x0000000083400000|100%| O|  |TAMS 0x0000000083400000, 0x0000000083300000| Untracked 
|  14|0x0000000083400000, 0x0000000083500000, 0x0000000083500000|100%| O|  |TAMS 0x0000000083500000, 0x0000000083400000| Untracked 
|  15|0x0000000083500000, 0x0000000083600000, 0x0000000083600000|100%| O|  |TAMS 0x0000000083600000, 0x0000000083500000| Untracked 
|  16|0x0000000083600000, 0x0000000083700000, 0x0000000083700000|100%| O|  |TAMS 0x0000000083700000, 0x0000000083600000| Untracked 
|  17|0x0000000083700000, 0x0000000083800000, 0x0000000083800000|100%| O|  |TAMS 0x0000000083800000, 0x0000000083700000| Untracked 
|  18|0x0000000083800000, 0x0000000083900000, 0x0000000083900000|100%| O|  |TAMS 0x0000000083900000, 0x0000000083800000| Untracked 
|  19|0x0000000083900000, 0x0000000083a00000, 0x0000000083a00000|100%| O|  |TAMS 0x0000000083a00000, 0x0000000083900000| Untracked 
|  20|0x0000000083a00000, 0x0000000083b00000, 0x0000000083b00000|100%| O|  |TAMS 0x0000000083b00000, 0x0000000083a00000| Untracked 
|  21|0x0000000083b00000, 0x0000000083c00000, 0x0000000083c00000|100%| O|  |TAMS 0x0000000083c00000, 0x0000000083b00000| Untracked 
|  22|0x0000000083c00000, 0x0000000083d00000, 0x0000000083d00000|100%| O|  |TAMS 0x0000000083d00000, 0x0000000083c00000| Untracked 
|  23|0x0000000083d00000, 0x0000000083e00000, 0x0000000083e00000|100%| O|  |TAMS 0x0000000083e00000, 0x0000000083d00000| Untracked 
|  24|0x0000000083e00000, 0x0000000083f00000, 0x0000000083f00000|100%| O|  |TAMS 0x0000000083f00000, 0x0000000083e00000| Untracked 
|  25|0x0000000083f00000, 0x0000000084000000, 0x0000000084000000|100%| O|  |TAMS 0x0000000084000000, 0x0000000083f00000| Untracked 
|  26|0x0000000084000000, 0x0000000084100000, 0x0000000084100000|100%| O|  |TAMS 0x0000000084100000, 0x0000000084000000| Untracked 
|  27|0x0000000084100000, 0x0000000084200000, 0x0000000084200000|100%| O|  |TAMS 0x0000000084200000, 0x0000000084100000| Untracked 
|  28|0x0000000084200000, 0x0000000084300000, 0x0000000084300000|100%| O|  |TAMS 0x0000000084300000, 0x0000000084200000| Untracked 
|  29|0x0000000084300000, 0x0000000084400000, 0x0000000084400000|100%| O|  |TAMS 0x0000000084400000, 0x0000000084300000| Untracked 
|  30|0x0000000084400000, 0x0000000084500000, 0x0000000084500000|100%| O|  |TAMS 0x0000000084500000, 0x0000000084400000| Untracked 
|  31|0x0000000084500000, 0x0000000084600000, 0x0000000084600000|100%| O|  |TAMS 0x0000000084600000, 0x0000000084500000| Untracked 
|  32|0x0000000084600000, 0x0000000084700000, 0x0000000084700000|100%| O|  |TAMS 0x0000000084700000, 0x0000000084600000| Untracked 
|  33|0x0000000084700000, 0x0000000084800000, 0x0000000084800000|100%| O|  |TAMS 0x0000000084800000, 0x0000000084700000| Untracked 
|  34|0x0000000084800000, 0x0000000084900000, 0x0000000084900000|100%| O|  |TAMS 0x0000000084900000, 0x0000000084800000| Untracked 
|  35|0x0000000084900000, 0x0000000084a00000, 0x0000000084a00000|100%| O|  |TAMS 0x0000000084a00000, 0x0000000084900000| Untracked 
|  36|0x0000000084a00000, 0x0000000084b00000, 0x0000000084b00000|100%| O|  |TAMS 0x0000000084b00000, 0x0000000084a00000| Untracked 
|  37|0x0000000084b00000, 0x0000000084c00000, 0x0000000084c00000|100%| O|  |TAMS 0x0000000084c00000, 0x0000000084b00000| Untracked 
|  38|0x0000000084c00000, 0x0000000084d00000, 0x0000000084d00000|100%| O|  |TAMS 0x0000000084d00000, 0x0000000084c00000| Untracked 
|  39|0x0000000084d00000, 0x0000000084e00000, 0x0000000084e00000|100%| O|  |TAMS 0x0000000084e00000, 0x0000000084d00000| Untracked 
|  40|0x0000000084e00000, 0x0000000084f00000, 0x0000000084f00000|100%| O|  |TAMS 0x0000000084f00000, 0x0000000084e00000| Untracked 
|  41|0x0000000084f00000, 0x0000000085000000, 0x0000000085000000|100%| O|  |TAMS 0x0000000085000000, 0x0000000084f00000| Untracked 
|  42|0x0000000085000000, 0x0000000085100000, 0x0000000085100000|100%| O|  |TAMS 0x0000000085100000, 0x0000000085000000| Untracked 
|  43|0x0000000085100000, 0x0000000085200000, 0x0000000085200000|100%| O|  |TAMS 0x0000000085200000, 0x0000000085100000| Untracked 
|  44|0x0000000085200000, 0x0000000085300000, 0x0000000085300000|100%| O|  |TAMS 0x0000000085300000, 0x0000000085200000| Untracked 
|  45|0x0000000085300000, 0x0000000085400000, 0x0000000085400000|100%| O|  |TAMS 0x0000000085400000, 0x0000000085300000| Untracked 
|  46|0x0000000085400000, 0x0000000085500000, 0x0000000085500000|100%| O|  |TAMS 0x0000000085500000, 0x0000000085400000| Untracked 
|  47|0x0000000085500000, 0x0000000085600000, 0x0000000085600000|100%| O|  |TAMS 0x0000000085600000, 0x0000000085500000| Untracked 
|  48|0x0000000085600000, 0x0000000085700000, 0x0000000085700000|100%| O|  |TAMS 0x0000000085700000, 0x0000000085600000| Untracked 
|  49|0x0000000085700000, 0x0000000085800000, 0x0000000085800000|100%|HS|  |TAMS 0x0000000085800000, 0x0000000085700000| Complete 
|  50|0x0000000085800000, 0x0000000085900000, 0x0000000085900000|100%|HC|  |TAMS 0x0000000085900000, 0x0000000085800000| Complete 
|  51|0x0000000085900000, 0x0000000085a00000, 0x0000000085a00000|100%|HS|  |TAMS 0x0000000085a00000, 0x0000000085900000| Complete 
|  52|0x0000000085a00000, 0x0000000085b00000, 0x0000000085b00000|100%| O|  |TAMS 0x0000000085a00000, 0x0000000085a00000| Untracked 
|  53|0x0000000085b00000, 0x0000000085c00000, 0x0000000085c00000|100%|HS|  |TAMS 0x0000000085c00000, 0x0000000085b00000| Complete 
|  54|0x0000000085c00000, 0x0000000085d00000, 0x0000000085d00000|100%| O|  |TAMS 0x0000000085d00000, 0x0000000085c00000| Untracked 
|  55|0x0000000085d00000, 0x0000000085e00000, 0x0000000085e00000|100%| O|  |TAMS 0x0000000085e00000, 0x0000000085d00000| Untracked 
|  56|0x0000000085e00000, 0x0000000085f00000, 0x0000000085f00000|100%| O|  |TAMS 0x0000000085f00000, 0x0000000085e00000| Untracked 
|  57|0x0000000085f00000, 0x0000000086000000, 0x0000000086000000|100%| O|  |TAMS 0x0000000086000000, 0x0000000085f00000| Untracked 
|  58|0x0000000086000000, 0x0000000086100000, 0x0000000086100000|100%| O|  |TAMS 0x0000000086100000, 0x0000000086000000| Untracked 
|  59|0x0000000086100000, 0x0000000086200000, 0x0000000086200000|100%| O|  |TAMS 0x0000000086200000, 0x0000000086100000| Untracked 
|  60|0x0000000086200000, 0x0000000086300000, 0x0000000086300000|100%| O|  |TAMS 0x0000000086300000, 0x0000000086200000| Untracked 
|  61|0x0000000086300000, 0x0000000086400000, 0x0000000086400000|100%| O|  |TAMS 0x0000000086400000, 0x0000000086300000| Untracked 
|  62|0x0000000086400000, 0x0000000086500000, 0x0000000086500000|100%| O|  |TAMS 0x0000000086467600, 0x0000000086400000| Untracked 
|  63|0x0000000086500000, 0x0000000086600000, 0x0000000086600000|100%| O|  |TAMS 0x0000000086500000, 0x0000000086500000| Untracked 
|  64|0x0000000086600000, 0x0000000086700000, 0x0000000086700000|100%| O|  |TAMS 0x0000000086600000, 0x0000000086600000| Untracked 
|  65|0x0000000086700000, 0x0000000086800000, 0x0000000086800000|100%| O|  |TAMS 0x0000000086700000, 0x0000000086700000| Untracked 
|  66|0x0000000086800000, 0x0000000086900000, 0x0000000086900000|100%| O|  |TAMS 0x0000000086800000, 0x0000000086800000| Untracked 
|  67|0x0000000086900000, 0x0000000086a00000, 0x0000000086a00000|100%| O|  |TAMS 0x0000000086900000, 0x0000000086900000| Untracked 
|  68|0x0000000086a00000, 0x0000000086b00000, 0x0000000086b00000|100%| O|  |TAMS 0x0000000086a00000, 0x0000000086a00000| Untracked 
|  69|0x0000000086b00000, 0x0000000086c00000, 0x0000000086c00000|100%| O|  |TAMS 0x0000000086b00000, 0x0000000086b00000| Untracked 
|  70|0x0000000086c00000, 0x0000000086d00000, 0x0000000086d00000|100%| O|  |TAMS 0x0000000086c00000, 0x0000000086c00000| Untracked 
|  71|0x0000000086d00000, 0x0000000086e00000, 0x0000000086e00000|100%| O|  |TAMS 0x0000000086d00000, 0x0000000086d00000| Untracked 
|  72|0x0000000086e00000, 0x0000000086f00000, 0x0000000086f00000|100%| O|  |TAMS 0x0000000086e00000, 0x0000000086e00000| Untracked 
|  73|0x0000000086f00000, 0x0000000087000000, 0x0000000087000000|100%| O|  |TAMS 0x0000000086f00000, 0x0000000086f00000| Untracked 
|  74|0x0000000087000000, 0x0000000087100000, 0x0000000087100000|100%| O|  |TAMS 0x0000000087000000, 0x0000000087000000| Untracked 
|  75|0x0000000087100000, 0x0000000087200000, 0x0000000087200000|100%| O|  |TAMS 0x0000000087100000, 0x0000000087100000| Untracked 
|  76|0x0000000087200000, 0x0000000087300000, 0x0000000087300000|100%| O|  |TAMS 0x0000000087200000, 0x0000000087200000| Untracked 
|  77|0x0000000087300000, 0x0000000087400000, 0x0000000087400000|100%| O|  |TAMS 0x0000000087300000, 0x0000000087300000| Untracked 
|  78|0x0000000087400000, 0x000000008746aa00, 0x0000000087500000| 41%| O|  |TAMS 0x0000000087400000, 0x0000000087400000| Untracked 
|  79|0x0000000087500000, 0x0000000087500000, 0x0000000087600000|  0%| F|  |TAMS 0x0000000087500000, 0x0000000087500000| Untracked 
|  80|0x0000000087600000, 0x0000000087600000, 0x0000000087700000|  0%| F|  |TAMS 0x0000000087600000, 0x0000000087600000| Untracked 
|  81|0x0000000087700000, 0x0000000087700000, 0x0000000087800000|  0%| F|  |TAMS 0x0000000087700000, 0x0000000087700000| Untracked 
|  82|0x0000000087800000, 0x0000000087800000, 0x0000000087900000|  0%| F|  |TAMS 0x0000000087800000, 0x0000000087800000| Untracked 
|  83|0x0000000087900000, 0x0000000087900000, 0x0000000087a00000|  0%| F|  |TAMS 0x0000000087900000, 0x0000000087900000| Untracked 
|  84|0x0000000087a00000, 0x0000000087a00000, 0x0000000087b00000|  0%| F|  |TAMS 0x0000000087a00000, 0x0000000087a00000| Untracked 
|  85|0x0000000087b00000, 0x0000000087b00000, 0x0000000087c00000|  0%| F|  |TAMS 0x0000000087b00000, 0x0000000087b00000| Untracked 
|  86|0x0000000087c00000, 0x0000000087c00000, 0x0000000087d00000|  0%| F|  |TAMS 0x0000000087c00000, 0x0000000087c00000| Untracked 
|  87|0x0000000087d00000, 0x0000000087d00000, 0x0000000087e00000|  0%| F|  |TAMS 0x0000000087d00000, 0x0000000087d00000| Untracked 
|  88|0x0000000087e00000, 0x0000000087e00000, 0x0000000087f00000|  0%| F|  |TAMS 0x0000000087e00000, 0x0000000087e00000| Untracked 
|  89|0x0000000087f00000, 0x0000000087f00000, 0x0000000088000000|  0%| F|  |TAMS 0x0000000087f00000, 0x0000000087f00000| Untracked 
|  90|0x0000000088000000, 0x0000000088000000, 0x0000000088100000|  0%| F|  |TAMS 0x0000000088000000, 0x0000000088000000| Untracked 
|  91|0x0000000088100000, 0x0000000088100000, 0x0000000088200000|  0%| F|  |TAMS 0x0000000088100000, 0x0000000088100000| Untracked 
|  92|0x0000000088200000, 0x0000000088200000, 0x0000000088300000|  0%| F|  |TAMS 0x0000000088200000, 0x0000000088200000| Untracked 
|  93|0x0000000088300000, 0x0000000088300000, 0x0000000088400000|  0%| F|  |TAMS 0x0000000088300000, 0x0000000088300000| Untracked 
|  94|0x0000000088400000, 0x0000000088400000, 0x0000000088500000|  0%| F|  |TAMS 0x0000000088400000, 0x0000000088400000| Untracked 
|  95|0x0000000088500000, 0x0000000088500000, 0x0000000088600000|  0%| F|  |TAMS 0x0000000088500000, 0x0000000088500000| Untracked 
|  96|0x0000000088600000, 0x0000000088600000, 0x0000000088700000|  0%| F|  |TAMS 0x0000000088600000, 0x0000000088600000| Untracked 
|  97|0x0000000088700000, 0x0000000088700000, 0x0000000088800000|  0%| F|  |TAMS 0x0000000088700000, 0x0000000088700000| Untracked 
|  98|0x0000000088800000, 0x0000000088800000, 0x0000000088900000|  0%| F|  |TAMS 0x0000000088800000, 0x0000000088800000| Untracked 
|  99|0x0000000088900000, 0x0000000088900000, 0x0000000088a00000|  0%| F|  |TAMS 0x0000000088900000, 0x0000000088900000| Untracked 
| 100|0x0000000088a00000, 0x0000000088a00000, 0x0000000088b00000|  0%| F|  |TAMS 0x0000000088a00000, 0x0000000088a00000| Untracked 
| 101|0x0000000088b00000, 0x0000000088b00000, 0x0000000088c00000|  0%| F|  |TAMS 0x0000000088b00000, 0x0000000088b00000| Untracked 
| 102|0x0000000088c00000, 0x0000000088c00000, 0x0000000088d00000|  0%| F|  |TAMS 0x0000000088c00000, 0x0000000088c00000| Untracked 
| 103|0x0000000088d00000, 0x0000000088d00000, 0x0000000088e00000|  0%| F|  |TAMS 0x0000000088d00000, 0x0000000088d00000| Untracked 
| 104|0x0000000088e00000, 0x0000000088e00000, 0x0000000088f00000|  0%| F|  |TAMS 0x0000000088e00000, 0x0000000088e00000| Untracked 
| 105|0x0000000088f00000, 0x0000000088f00000, 0x0000000089000000|  0%| F|  |TAMS 0x0000000088f00000, 0x0000000088f00000| Untracked 
| 106|0x0000000089000000, 0x0000000089000000, 0x0000000089100000|  0%| F|  |TAMS 0x0000000089000000, 0x0000000089000000| Untracked 
| 107|0x0000000089100000, 0x0000000089100000, 0x0000000089200000|  0%| F|  |TAMS 0x0000000089100000, 0x0000000089100000| Untracked 
| 108|0x0000000089200000, 0x0000000089200000, 0x0000000089300000|  0%| F|  |TAMS 0x0000000089200000, 0x0000000089200000| Untracked 
| 109|0x0000000089300000, 0x0000000089300000, 0x0000000089400000|  0%| F|  |TAMS 0x0000000089300000, 0x0000000089300000| Untracked 
| 110|0x0000000089400000, 0x0000000089500000, 0x0000000089500000|100%| S|CS|TAMS 0x0000000089400000, 0x0000000089400000| Complete 
| 111|0x0000000089500000, 0x0000000089600000, 0x0000000089600000|100%| S|CS|TAMS 0x0000000089500000, 0x0000000089500000| Complete 
| 112|0x0000000089600000, 0x0000000089700000, 0x0000000089700000|100%| S|CS|TAMS 0x0000000089600000, 0x0000000089600000| Complete 
| 113|0x0000000089700000, 0x0000000089700000, 0x0000000089800000|  0%| F|  |TAMS 0x0000000089700000, 0x0000000089700000| Untracked 
| 114|0x0000000089800000, 0x0000000089800000, 0x0000000089900000|  0%| F|  |TAMS 0x0000000089800000, 0x0000000089800000| Untracked 
| 115|0x0000000089900000, 0x0000000089900000, 0x0000000089a00000|  0%| F|  |TAMS 0x0000000089900000, 0x0000000089900000| Untracked 
| 116|0x0000000089a00000, 0x0000000089a00000, 0x0000000089b00000|  0%| F|  |TAMS 0x0000000089a00000, 0x0000000089a00000| Untracked 
| 117|0x0000000089b00000, 0x0000000089b00000, 0x0000000089c00000|  0%| F|  |TAMS 0x0000000089b00000, 0x0000000089b00000| Untracked 
| 118|0x0000000089c00000, 0x0000000089c00000, 0x0000000089d00000|  0%| F|  |TAMS 0x0000000089c00000, 0x0000000089c00000| Untracked 
| 119|0x0000000089d00000, 0x0000000089d00000, 0x0000000089e00000|  0%| F|  |TAMS 0x0000000089d00000, 0x0000000089d00000| Untracked 
| 120|0x0000000089e00000, 0x0000000089e00000, 0x0000000089f00000|  0%| F|  |TAMS 0x0000000089e00000, 0x0000000089e00000| Untracked 
| 121|0x0000000089f00000, 0x000000008a000000, 0x000000008a000000|100%| S|CS|TAMS 0x0000000089f00000, 0x0000000089f00000| Complete 
| 122|0x000000008a000000, 0x000000008a100000, 0x000000008a100000|100%| S|CS|TAMS 0x000000008a000000, 0x000000008a000000| Complete 
| 123|0x000000008a100000, 0x000000008a200000, 0x000000008a200000|100%| S|CS|TAMS 0x000000008a100000, 0x000000008a100000| Complete 
| 124|0x000000008a200000, 0x000000008a300000, 0x000000008a300000|100%| S|CS|TAMS 0x000000008a200000, 0x000000008a200000| Complete 
| 125|0x000000008a300000, 0x000000008a400000, 0x000000008a400000|100%| S|CS|TAMS 0x000000008a300000, 0x000000008a300000| Complete 
| 126|0x000000008a400000, 0x000000008a400000, 0x000000008a500000|  0%| F|  |TAMS 0x000000008a400000, 0x000000008a400000| Untracked 
| 127|0x000000008a500000, 0x000000008a500000, 0x000000008a600000|  0%| F|  |TAMS 0x000000008a500000, 0x000000008a500000| Untracked 
| 128|0x000000008a600000, 0x000000008a600000, 0x000000008a700000|  0%| F|  |TAMS 0x000000008a600000, 0x000000008a600000| Untracked 
| 129|0x000000008a700000, 0x000000008a700000, 0x000000008a800000|  0%| F|  |TAMS 0x000000008a700000, 0x000000008a700000| Untracked 
| 130|0x000000008a800000, 0x000000008a800000, 0x000000008a900000|  0%| F|  |TAMS 0x000000008a800000, 0x000000008a800000| Untracked 
| 131|0x000000008a900000, 0x000000008a900000, 0x000000008aa00000|  0%| F|  |TAMS 0x000000008a900000, 0x000000008a900000| Untracked 
| 132|0x000000008aa00000, 0x000000008aa00000, 0x000000008ab00000|  0%| F|  |TAMS 0x000000008aa00000, 0x000000008aa00000| Untracked 
| 133|0x000000008ab00000, 0x000000008ab00000, 0x000000008ac00000|  0%| F|  |TAMS 0x000000008ab00000, 0x000000008ab00000| Untracked 
| 134|0x000000008ac00000, 0x000000008ac00000, 0x000000008ad00000|  0%| F|  |TAMS 0x000000008ac00000, 0x000000008ac00000| Untracked 
| 135|0x000000008ad00000, 0x000000008ad00000, 0x000000008ae00000|  0%| F|  |TAMS 0x000000008ad00000, 0x000000008ad00000| Untracked 
| 136|0x000000008ae00000, 0x000000008ae00000, 0x000000008af00000|  0%| F|  |TAMS 0x000000008ae00000, 0x000000008ae00000| Untracked 
| 137|0x000000008af00000, 0x000000008af00000, 0x000000008b000000|  0%| F|  |TAMS 0x000000008af00000, 0x000000008af00000| Untracked 
| 138|0x000000008b000000, 0x000000008b000000, 0x000000008b100000|  0%| F|  |TAMS 0x000000008b000000, 0x000000008b000000| Untracked 
| 139|0x000000008b100000, 0x000000008b100000, 0x000000008b200000|  0%| F|  |TAMS 0x000000008b100000, 0x000000008b100000| Untracked 
| 140|0x000000008b200000, 0x000000008b200000, 0x000000008b300000|  0%| F|  |TAMS 0x000000008b200000, 0x000000008b200000| Untracked 
| 141|0x000000008b300000, 0x000000008b300000, 0x000000008b400000|  0%| F|  |TAMS 0x000000008b300000, 0x000000008b300000| Untracked 
| 142|0x000000008b400000, 0x000000008b400000, 0x000000008b500000|  0%| F|  |TAMS 0x000000008b400000, 0x000000008b400000| Untracked 
| 143|0x000000008b500000, 0x000000008b500000, 0x000000008b600000|  0%| F|  |TAMS 0x000000008b500000, 0x000000008b500000| Untracked 
| 144|0x000000008b600000, 0x000000008b600000, 0x000000008b700000|  0%| F|  |TAMS 0x000000008b600000, 0x000000008b600000| Untracked 
| 145|0x000000008b700000, 0x000000008b700000, 0x000000008b800000|  0%| F|  |TAMS 0x000000008b700000, 0x000000008b700000| Untracked 
| 146|0x000000008b800000, 0x000000008b800000, 0x000000008b900000|  0%| F|  |TAMS 0x000000008b800000, 0x000000008b800000| Untracked 
| 147|0x000000008b900000, 0x000000008b900000, 0x000000008ba00000|  0%| F|  |TAMS 0x000000008b900000, 0x000000008b900000| Untracked 
| 148|0x000000008ba00000, 0x000000008ba00000, 0x000000008bb00000|  0%| F|  |TAMS 0x000000008ba00000, 0x000000008ba00000| Untracked 
| 149|0x000000008bb00000, 0x000000008bb00000, 0x000000008bc00000|  0%| F|  |TAMS 0x000000008bb00000, 0x000000008bb00000| Untracked 
| 150|0x000000008bc00000, 0x000000008bc00000, 0x000000008bd00000|  0%| F|  |TAMS 0x000000008bc00000, 0x000000008bc00000| Untracked 
| 151|0x000000008bd00000, 0x000000008bd00000, 0x000000008be00000|  0%| F|  |TAMS 0x000000008bd00000, 0x000000008bd00000| Untracked 
| 152|0x000000008be00000, 0x000000008be00000, 0x000000008bf00000|  0%| F|  |TAMS 0x000000008be00000, 0x000000008be00000| Untracked 
| 153|0x000000008bf00000, 0x000000008bf00000, 0x000000008c000000|  0%| F|  |TAMS 0x000000008bf00000, 0x000000008bf00000| Untracked 
| 154|0x000000008c000000, 0x000000008c000000, 0x000000008c100000|  0%| F|  |TAMS 0x000000008c000000, 0x000000008c000000| Untracked 
| 155|0x000000008c100000, 0x000000008c100000, 0x000000008c200000|  0%| F|  |TAMS 0x000000008c100000, 0x000000008c100000| Untracked 
| 156|0x000000008c200000, 0x000000008c200000, 0x000000008c300000|  0%| F|  |TAMS 0x000000008c200000, 0x000000008c200000| Untracked 
| 157|0x000000008c300000, 0x000000008c300000, 0x000000008c400000|  0%| F|  |TAMS 0x000000008c300000, 0x000000008c300000| Untracked 
| 158|0x000000008c400000, 0x000000008c400000, 0x000000008c500000|  0%| F|  |TAMS 0x000000008c400000, 0x000000008c400000| Untracked 
| 159|0x000000008c500000, 0x000000008c500000, 0x000000008c600000|  0%| F|  |TAMS 0x000000008c500000, 0x000000008c500000| Untracked 
| 160|0x000000008c600000, 0x000000008c600000, 0x000000008c700000|  0%| F|  |TAMS 0x000000008c600000, 0x000000008c600000| Untracked 
| 161|0x000000008c700000, 0x000000008c700000, 0x000000008c800000|  0%| F|  |TAMS 0x000000008c700000, 0x000000008c700000| Untracked 
| 162|0x000000008c800000, 0x000000008c800000, 0x000000008c900000|  0%| F|  |TAMS 0x000000008c800000, 0x000000008c800000| Untracked 
| 163|0x000000008c900000, 0x000000008c900000, 0x000000008ca00000|  0%| F|  |TAMS 0x000000008c900000, 0x000000008c900000| Untracked 
| 164|0x000000008ca00000, 0x000000008ca00000, 0x000000008cb00000|  0%| F|  |TAMS 0x000000008ca00000, 0x000000008ca00000| Untracked 
| 165|0x000000008cb00000, 0x000000008cb00000, 0x000000008cc00000|  0%| F|  |TAMS 0x000000008cb00000, 0x000000008cb00000| Untracked 
| 166|0x000000008cc00000, 0x000000008cc00000, 0x000000008cd00000|  0%| F|  |TAMS 0x000000008cc00000, 0x000000008cc00000| Untracked 
| 167|0x000000008cd00000, 0x000000008cd00000, 0x000000008ce00000|  0%| F|  |TAMS 0x000000008cd00000, 0x000000008cd00000| Untracked 
| 168|0x000000008ce00000, 0x000000008ce00000, 0x000000008cf00000|  0%| F|  |TAMS 0x000000008ce00000, 0x000000008ce00000| Untracked 
| 169|0x000000008cf00000, 0x000000008cf00000, 0x000000008d000000|  0%| F|  |TAMS 0x000000008cf00000, 0x000000008cf00000| Untracked 
| 170|0x000000008d000000, 0x000000008d000000, 0x000000008d100000|  0%| F|  |TAMS 0x000000008d000000, 0x000000008d000000| Untracked 
| 171|0x000000008d100000, 0x000000008d100000, 0x000000008d200000|  0%| F|  |TAMS 0x000000008d100000, 0x000000008d100000| Untracked 
| 172|0x000000008d200000, 0x000000008d200000, 0x000000008d300000|  0%| F|  |TAMS 0x000000008d200000, 0x000000008d200000| Untracked 
| 173|0x000000008d300000, 0x000000008d300000, 0x000000008d400000|  0%| F|  |TAMS 0x000000008d300000, 0x000000008d300000| Untracked 
| 174|0x000000008d400000, 0x000000008d400000, 0x000000008d500000|  0%| F|  |TAMS 0x000000008d400000, 0x000000008d400000| Untracked 
| 175|0x000000008d500000, 0x000000008d500000, 0x000000008d600000|  0%| F|  |TAMS 0x000000008d500000, 0x000000008d500000| Untracked 
| 176|0x000000008d600000, 0x000000008d600000, 0x000000008d700000|  0%| F|  |TAMS 0x000000008d600000, 0x000000008d600000| Untracked 
| 177|0x000000008d700000, 0x000000008d700000, 0x000000008d800000|  0%| F|  |TAMS 0x000000008d700000, 0x000000008d700000| Untracked 
| 178|0x000000008d800000, 0x000000008d800000, 0x000000008d900000|  0%| F|  |TAMS 0x000000008d800000, 0x000000008d800000| Untracked 
| 179|0x000000008d900000, 0x000000008d900000, 0x000000008da00000|  0%| F|  |TAMS 0x000000008d900000, 0x000000008d900000| Untracked 
| 180|0x000000008da00000, 0x000000008da00000, 0x000000008db00000|  0%| F|  |TAMS 0x000000008da00000, 0x000000008da00000| Untracked 
| 181|0x000000008db00000, 0x000000008db00000, 0x000000008dc00000|  0%| F|  |TAMS 0x000000008db00000, 0x000000008db00000| Untracked 
| 182|0x000000008dc00000, 0x000000008dc00000, 0x000000008dd00000|  0%| F|  |TAMS 0x000000008dc00000, 0x000000008dc00000| Untracked 
| 183|0x000000008dd00000, 0x000000008dd00000, 0x000000008de00000|  0%| F|  |TAMS 0x000000008dd00000, 0x000000008dd00000| Untracked 
| 184|0x000000008de00000, 0x000000008de00000, 0x000000008df00000|  0%| F|  |TAMS 0x000000008de00000, 0x000000008de00000| Untracked 
| 185|0x000000008df00000, 0x000000008df00000, 0x000000008e000000|  0%| F|  |TAMS 0x000000008df00000, 0x000000008df00000| Untracked 
| 186|0x000000008e000000, 0x000000008e000000, 0x000000008e100000|  0%| F|  |TAMS 0x000000008e000000, 0x000000008e000000| Untracked 
| 187|0x000000008e100000, 0x000000008e100000, 0x000000008e200000|  0%| F|  |TAMS 0x000000008e100000, 0x000000008e100000| Untracked 
| 188|0x000000008e200000, 0x000000008e200000, 0x000000008e300000|  0%| F|  |TAMS 0x000000008e200000, 0x000000008e200000| Untracked 
| 189|0x000000008e300000, 0x000000008e300000, 0x000000008e400000|  0%| F|  |TAMS 0x000000008e300000, 0x000000008e300000| Untracked 
| 190|0x000000008e400000, 0x000000008e400000, 0x000000008e500000|  0%| F|  |TAMS 0x000000008e400000, 0x000000008e400000| Untracked 
| 191|0x000000008e500000, 0x000000008e500000, 0x000000008e600000|  0%| F|  |TAMS 0x000000008e500000, 0x000000008e500000| Untracked 
| 192|0x000000008e600000, 0x000000008e600000, 0x000000008e700000|  0%| F|  |TAMS 0x000000008e600000, 0x000000008e600000| Untracked 
| 193|0x000000008e700000, 0x000000008e700000, 0x000000008e800000|  0%| F|  |TAMS 0x000000008e700000, 0x000000008e700000| Untracked 
| 194|0x000000008e800000, 0x000000008e800000, 0x000000008e900000|  0%| F|  |TAMS 0x000000008e800000, 0x000000008e800000| Untracked 
| 195|0x000000008e900000, 0x000000008e900000, 0x000000008ea00000|  0%| F|  |TAMS 0x000000008e900000, 0x000000008e900000| Untracked 
| 196|0x000000008ea00000, 0x000000008ea00000, 0x000000008eb00000|  0%| F|  |TAMS 0x000000008ea00000, 0x000000008ea00000| Untracked 
| 197|0x000000008eb00000, 0x000000008eb00000, 0x000000008ec00000|  0%| F|  |TAMS 0x000000008eb00000, 0x000000008eb00000| Untracked 
| 198|0x000000008ec00000, 0x000000008ec00000, 0x000000008ed00000|  0%| F|  |TAMS 0x000000008ec00000, 0x000000008ec00000| Untracked 
| 199|0x000000008ed00000, 0x000000008ed00000, 0x000000008ee00000|  0%| F|  |TAMS 0x000000008ed00000, 0x000000008ed00000| Untracked 
| 200|0x000000008ee00000, 0x000000008ee00000, 0x000000008ef00000|  0%| F|  |TAMS 0x000000008ee00000, 0x000000008ee00000| Untracked 
| 201|0x000000008ef00000, 0x000000008ef00000, 0x000000008f000000|  0%| F|  |TAMS 0x000000008ef00000, 0x000000008ef00000| Untracked 
| 202|0x000000008f000000, 0x000000008f000000, 0x000000008f100000|  0%| F|  |TAMS 0x000000008f000000, 0x000000008f000000| Untracked 
| 203|0x000000008f100000, 0x000000008f100000, 0x000000008f200000|  0%| F|  |TAMS 0x000000008f100000, 0x000000008f100000| Untracked 
| 204|0x000000008f200000, 0x000000008f200000, 0x000000008f300000|  0%| F|  |TAMS 0x000000008f200000, 0x000000008f200000| Untracked 
| 205|0x000000008f300000, 0x000000008f300000, 0x000000008f400000|  0%| F|  |TAMS 0x000000008f300000, 0x000000008f300000| Untracked 
| 206|0x000000008f400000, 0x000000008f400000, 0x000000008f500000|  0%| F|  |TAMS 0x000000008f400000, 0x000000008f400000| Untracked 
| 207|0x000000008f500000, 0x000000008f500000, 0x000000008f600000|  0%| F|  |TAMS 0x000000008f500000, 0x000000008f500000| Untracked 
| 208|0x000000008f600000, 0x000000008f600000, 0x000000008f700000|  0%| F|  |TAMS 0x000000008f600000, 0x000000008f600000| Untracked 
| 209|0x000000008f700000, 0x000000008f700000, 0x000000008f800000|  0%| F|  |TAMS 0x000000008f700000, 0x000000008f700000| Untracked 
| 210|0x000000008f800000, 0x000000008f800000, 0x000000008f900000|  0%| F|  |TAMS 0x000000008f800000, 0x000000008f800000| Untracked 
| 211|0x000000008f900000, 0x000000008f900000, 0x000000008fa00000|  0%| F|  |TAMS 0x000000008f900000, 0x000000008f900000| Untracked 
| 212|0x000000008fa00000, 0x000000008fa00000, 0x000000008fb00000|  0%| F|  |TAMS 0x000000008fa00000, 0x000000008fa00000| Untracked 
| 213|0x000000008fb00000, 0x000000008fb00000, 0x000000008fc00000|  0%| F|  |TAMS 0x000000008fb00000, 0x000000008fb00000| Untracked 
| 214|0x000000008fc00000, 0x000000008fc00000, 0x000000008fd00000|  0%| F|  |TAMS 0x000000008fc00000, 0x000000008fc00000| Untracked 
| 215|0x000000008fd00000, 0x000000008fd00000, 0x000000008fe00000|  0%| F|  |TAMS 0x000000008fd00000, 0x000000008fd00000| Untracked 

Card table byte_map: [0x0000022351ff0000,0x00000223523e0000] _byte_map_base: 0x0000022351bdd000

Marking Bits (Prev, Next): (CMBitMap*) 0x000002234bef46b0, (CMBitMap*) 0x000002234bef4670
 Prev Bits: [0x0000022354740000, 0x00000223566a8000)
 Next Bits: [0x00000223527d0000, 0x0000022354738000)

Polling page: 0x0000022349de0000

Metaspace:

Usage:
  Non-class:     32.55 MB used.
      Class:      4.71 MB used.
       Both:     37.26 MB used.

Virtual space:
  Non-class space:       40.00 MB reserved,      32.75 MB ( 82%) committed,  5 nodes.
      Class space:        1.00 GB reserved,       4.88 MB ( <1%) committed,  1 nodes.
             Both:        1.04 GB reserved,      37.62 MB (  4%) committed. 

Chunk freelists:
   Non-Class:  3.23 MB
       Class:  2.98 MB
        Both:  6.22 MB

MaxMetaspaceSize: unlimited
CompressedClassSpaceSize: 1.00 GB
Initial GC threshold: 21.00 MB
Current GC threshold: 62.75 MB
CDS: off
MetaspaceReclaimPolicy: balanced
 - commit_granule_bytes: 65536.
 - commit_granule_words: 8192.
 - virtual_space_node_default_size: 1048576.
 - enlarge_chunks_in_place: 1.
 - new_chunks_are_fully_committed: 0.
 - uncommit_free_chunks: 1.
 - use_allocation_guard: 0.
 - handle_deallocations: 1.


Internal statistics:

num_allocs_failed_limit: 36.
num_arena_births: 382.
num_arena_deaths: 0.
num_vsnodes_births: 6.
num_vsnodes_deaths: 0.
num_space_committed: 602.
num_space_uncommitted: 0.
num_chunks_returned_to_freelist: 36.
num_chunks_taken_from_freelist: 1501.
num_chunk_merges: 33.
num_chunk_splits: 1050.
num_chunks_enlarged: 790.
num_purges: 0.
num_inconsistent_stats: 0.

CodeCache: size=49152Kb used=7985Kb max_used=7985Kb free=41166Kb
 bounds [0x000002234eaf0000, 0x000002234f2c0000, 0x0000022351af0000]
 total_blobs=4266 nmethods=3734 adapters=458
 compilation: enabled
              stopped_count=0, restarted_count=0
 full_count=0

Compilation events (20 events):
Event: 30.158 Thread 0x0000022349ab1eb0 nmethod 3707 0x000002234f2b2f10 code [0x000002234f2b30c0, 0x000002234f2b33c8]
Event: 30.158 Thread 0x0000022349ab1eb0 3709       1       io.github.classgraph.ModuleReaderProxy::open (72 bytes)
Event: 30.159 Thread 0x0000022349ab1eb0 nmethod 3709 0x000002234f2b3490 code [0x000002234f2b36a0, 0x000002234f2b3b88]
Event: 30.159 Thread 0x0000022349ab1eb0 3732       1       jdk.internal.jimage.BasicImageReader::findLocation (57 bytes)
Event: 30.160 Thread 0x0000022349ab1eb0 nmethod 3732 0x000002234f2b9590 code [0x000002234f2b97a0, 0x000002234f2b9cc8]
Event: 30.160 Thread 0x0000022349ab1eb0 3723       1       jdk.internal.module.SystemModuleFinders$SystemModuleReader::open (15 bytes)
Event: 30.160 Thread 0x0000022349ab2de0 nmethod 3703 0x000002234f2b3d90 code [0x000002234f2b4620, 0x000002234f2b7738]
Event: 30.160 Thread 0x0000022349ab2de0 3693   !   1       jdk.internal.reflect.GeneratedMethodAccessor28::invoke (67 bytes)
Event: 30.161 Thread 0x0000022349ab2de0 nmethod 3693 0x000002234f2b9f10 code [0x000002234f2ba100, 0x000002234f2ba538]
Event: 30.161 Thread 0x0000022349ab2de0 3731       1       nonapi.io.github.classgraph.fileslice.reader.ClassfileReader::<init> (29 bytes)
Event: 30.161 Thread 0x0000022349ab2de0 nmethod 3731 0x000002234f2ba810 code [0x000002234f2ba9a0, 0x000002234f2bac18]
Event: 30.161 Thread 0x0000022349ab2de0 3727       1       nonapi.io.github.classgraph.utils.ProxyingInputStream::<init> (10 bytes)
Event: 30.161 Thread 0x0000022349ab2de0 nmethod 3727 0x000002234f2bac90 code [0x000002234f2bae20, 0x000002234f2baf38]
Event: 30.161 Thread 0x0000022349ab1eb0 nmethod 3723 0x000002234f2baf90 code [0x000002234f2bb1a0, 0x000002234f2bb768]
Event: 30.162 Thread 0x0000022349ab2de0 3730       1       io.github.classgraph.ClasspathElementModule$1$1::<init> (16 bytes)
Event: 30.162 Thread 0x0000022349ab1eb0 3728       1       jdk.internal.jimage.ImageReader::findLocation (14 bytes)
Event: 30.162 Thread 0x0000022349ab2de0 nmethod 3730 0x000002234f2bba90 code [0x000002234f2bbc20, 0x000002234f2bbdf8]
Event: 30.162 Thread 0x0000022349ab1eb0 nmethod 3728 0x000002234f2bbe90 code [0x000002234f2bc040, 0x000002234f2bc1d8]
Event: 30.686 Thread 0x0000022349ab2de0 3735       1       java.util.concurrent.locks.ReentrantLock$NonfairSync::tryAcquire (27 bytes)
Event: 30.687 Thread 0x0000022349ab2de0 nmethod 3735 0x000002234f2bc310 code [0x000002234f2bc4a0, 0x000002234f2bc618]

GC Heap History (20 events):
Event: 29.220 GC heap after
{Heap after GC invocations=12 (full 0):
 garbage-first heap   total 95232K, used 48820K [0x0000000082600000, 0x0000000100000000)
  region size 1024K, 4 young (4096K), 4 survivors (4096K)
 Metaspace       used 37510K, committed 37824K, reserved 1089536K
  class space    used 4735K, committed 4864K, reserved 1048576K
}
Event: 29.343 GC heap before
{Heap before GC invocations=12 (full 0):
 garbage-first heap   total 95232K, used 50868K [0x0000000082600000, 0x0000000100000000)
  region size 1024K, 7 young (7168K), 4 survivors (4096K)
 Metaspace       used 37692K, committed 38016K, reserved 1089536K
  class space    used 4753K, committed 4928K, reserved 1048576K
}
Event: 29.349 GC heap after
{Heap after GC invocations=13 (full 0):
 garbage-first heap   total 142336K, used 49564K [0x0000000082600000, 0x0000000100000000)
  region size 1024K, 1 young (1024K), 1 survivors (1024K)
 Metaspace       used 37692K, committed 38016K, reserved 1089536K
  class space    used 4753K, committed 4928K, reserved 1048576K
}
Event: 30.075 GC heap before
{Heap before GC invocations=13 (full 0):
 garbage-first heap   total 142336K, used 104860K [0x0000000082600000, 0x0000000100000000)
  region size 1024K, 51 young (52224K), 1 survivors (1024K)
 Metaspace       used 38045K, committed 38336K, reserved 1089536K
  class space    used 4813K, committed 4928K, reserved 1048576K
}
Event: 30.110 GC heap after
{Heap after GC invocations=14 (full 0):
 garbage-first heap   total 142336K, used 70186K [0x0000000082600000, 0x0000000100000000)
  region size 1024K, 7 young (7168K), 7 survivors (7168K)
 Metaspace       used 38045K, committed 38336K, reserved 1089536K
  class space    used 4813K, committed 4928K, reserved 1048576K
}
Event: 30.180 GC heap before
{Heap before GC invocations=14 (full 0):
 garbage-first heap   total 142336K, used 101930K [0x0000000082600000, 0x0000000100000000)
  region size 1024K, 39 young (39936K), 7 survivors (7168K)
 Metaspace       used 38156K, committed 38528K, reserved 1089536K
  class space    used 4827K, committed 4992K, reserved 1048576K
}
Event: 30.186 GC heap after
{Heap after GC invocations=15 (full 0):
 garbage-first heap   total 142336K, used 72704K [0x0000000082600000, 0x0000000100000000)
  region size 1024K, 2 young (2048K), 2 survivors (2048K)
 Metaspace       used 38156K, committed 38528K, reserved 1089536K
  class space    used 4827K, committed 4992K, reserved 1048576K
}
Event: 30.242 GC heap before
{Heap before GC invocations=15 (full 0):
 garbage-first heap   total 142336K, used 106496K [0x0000000082600000, 0x0000000100000000)
  region size 1024K, 36 young (36864K), 2 survivors (2048K)
 Metaspace       used 38156K, committed 38528K, reserved 1089536K
  class space    used 4827K, committed 4992K, reserved 1048576K
}
Event: 30.245 GC heap after
{Heap after GC invocations=16 (full 0):
 garbage-first heap   total 142336K, used 73765K [0x0000000082600000, 0x0000000100000000)
  region size 1024K, 3 young (3072K), 3 survivors (3072K)
 Metaspace       used 38156K, committed 38528K, reserved 1089536K
  class space    used 4827K, committed 4992K, reserved 1048576K
}
Event: 30.291 GC heap before
{Heap before GC invocations=16 (full 0):
 garbage-first heap   total 142336K, used 108581K [0x0000000082600000, 0x0000000100000000)
  region size 1024K, 38 young (38912K), 3 survivors (3072K)
 Metaspace       used 38156K, committed 38528K, reserved 1089536K
  class space    used 4827K, committed 4992K, reserved 1048576K
}
Event: 30.295 GC heap after
{Heap after GC invocations=17 (full 0):
 garbage-first heap   total 221184K, used 75239K [0x0000000082600000, 0x0000000100000000)
  region size 1024K, 3 young (3072K), 3 survivors (3072K)
 Metaspace       used 38156K, committed 38528K, reserved 1089536K
  class space    used 4827K, committed 4992K, reserved 1048576K
}
Event: 30.430 GC heap before
{Heap before GC invocations=18 (full 0):
 garbage-first heap   total 221184K, used 154087K [0x0000000082600000, 0x0000000100000000)
  region size 1024K, 82 young (83968K), 3 survivors (3072K)
 Metaspace       used 38156K, committed 38528K, reserved 1089536K
  class space    used 4827K, committed 4992K, reserved 1048576K
}
Event: 30.434 GC heap after
{Heap after GC invocations=19 (full 0):
 garbage-first heap   total 221184K, used 77433K [0x0000000082600000, 0x0000000100000000)
  region size 1024K, 7 young (7168K), 7 survivors (7168K)
 Metaspace       used 38156K, committed 38528K, reserved 1089536K
  class space    used 4827K, committed 4992K, reserved 1048576K
}
Event: 30.445 GC heap before
{Heap before GC invocations=19 (full 0):
 garbage-first heap   total 221184K, used 79481K [0x0000000082600000, 0x0000000100000000)
  region size 1024K, 10 young (10240K), 7 survivors (7168K)
 Metaspace       used 38156K, committed 38528K, reserved 1089536K
  class space    used 4827K, committed 4992K, reserved 1048576K
}
Event: 30.449 GC heap after
{Heap after GC invocations=20 (full 0):
 garbage-first heap   total 221184K, used 77867K [0x0000000082600000, 0x0000000100000000)
  region size 1024K, 1 young (1024K), 1 survivors (1024K)
 Metaspace       used 38156K, committed 38528K, reserved 1089536K
  class space    used 4827K, committed 4992K, reserved 1048576K
}
Event: 30.519 GC heap before
{Heap before GC invocations=20 (full 0):
 garbage-first heap   total 221184K, used 167979K [0x0000000082600000, 0x0000000100000000)
  region size 1024K, 90 young (92160K), 1 survivors (1024K)
 Metaspace       used 38156K, committed 38528K, reserved 1089536K
  class space    used 4827K, committed 4992K, reserved 1048576K
}
Event: 30.522 GC heap after
{Heap after GC invocations=21 (full 0):
 garbage-first heap   total 221184K, used 80489K [0x0000000082600000, 0x0000000100000000)
  region size 1024K, 4 young (4096K), 4 survivors (4096K)
 Metaspace       used 38156K, committed 38528K, reserved 1089536K
  class space    used 4827K, committed 4992K, reserved 1048576K
}
Event: 30.630 GC heap before
{Heap before GC invocations=21 (full 0):
 garbage-first heap   total 221184K, used 172649K [0x0000000082600000, 0x0000000100000000)
  region size 1024K, 95 young (97280K), 4 survivors (4096K)
 Metaspace       used 38156K, committed 38528K, reserved 1089536K
  class space    used 4827K, committed 4992K, reserved 1048576K
}
Event: 30.635 GC heap after
{Heap after GC invocations=22 (full 0):
 garbage-first heap   total 221184K, used 84989K [0x0000000082600000, 0x0000000100000000)
  region size 1024K, 8 young (8192K), 8 survivors (8192K)
 Metaspace       used 38156K, committed 38528K, reserved 1089536K
  class space    used 4827K, committed 4992K, reserved 1048576K
}
Event: 30.705 GC heap before
{Heap before GC invocations=22 (full 0):
 garbage-first heap   total 221184K, used 176125K [0x0000000082600000, 0x0000000100000000)
  region size 1024K, 98 young (100352K), 8 survivors (8192K)
 Metaspace       used 38156K, committed 38528K, reserved 1089536K
  class space    used 4827K, committed 4992K, reserved 1048576K
}

Deoptimization events (10 events):
Event: 7.511 Thread 0x000002234be9e3c0 DEOPT PACKING pc=0x000002234ee9a599 sp=0x0000004c818fd7b0
Event: 7.511 Thread 0x000002234be9e3c0 DEOPT UNPACKING pc=0x000002234eb42b43 sp=0x0000004c818fcc90 mode 3
Event: 26.629 Thread 0x000002235b734da0 DEOPT PACKING pc=0x000002234f0b19b5 sp=0x0000004c836fd1a0
Event: 26.629 Thread 0x000002235b734da0 DEOPT UNPACKING pc=0x000002234eb42b43 sp=0x0000004c836fc6b8 mode 3
Event: 26.942 Thread 0x000002235b9ff000 DEOPT PACKING pc=0x000002234f0cc12b sp=0x0000004c837fe920
Event: 26.942 Thread 0x000002235b9ff000 DEOPT UNPACKING pc=0x000002234eb42b43 sp=0x0000004c837fde68 mode 3
Event: 27.981 Thread 0x000002235a66b290 DEOPT PACKING pc=0x000002234ee9b901 sp=0x0000004c843fecb0
Event: 27.981 Thread 0x000002235a66b290 DEOPT UNPACKING pc=0x000002234eb42b43 sp=0x0000004c843fe140 mode 3
Event: 29.437 Thread 0x000002235b734da0 DEOPT PACKING pc=0x000002234ee97497 sp=0x0000004c836fec50
Event: 29.437 Thread 0x000002235b734da0 DEOPT UNPACKING pc=0x000002234eb42b43 sp=0x0000004c836fe0a8 mode 3

Classes unloaded (0 events):
No events

Classes redefined (0 events):
No events

Internal exceptions (20 events):
Event: 27.115 Thread 0x0000022359e06900 Exception <a 'sun/nio/fs/WindowsException'{0x00000000844d79c0}> (0x00000000844d79c0) 
thrown [s\src\hotspot\share\prims\jni.cpp, line 516]
Event: 27.115 Thread 0x0000022359e06900 Exception <a 'sun/nio/fs/WindowsException'{0x00000000844d83e8}> (0x00000000844d83e8) 
thrown [s\src\hotspot\share\prims\jni.cpp, line 516]
Event: 27.115 Thread 0x0000022359e06900 Exception <a 'sun/nio/fs/WindowsException'{0x00000000844d87c8}> (0x00000000844d87c8) 
thrown [s\src\hotspot\share\prims\jni.cpp, line 516]
Event: 27.116 Thread 0x0000022359e06900 Exception <a 'sun/nio/fs/WindowsException'{0x00000000844d91b8}> (0x00000000844d91b8) 
thrown [s\src\hotspot\share\prims\jni.cpp, line 516]
Event: 27.116 Thread 0x0000022359e06900 Exception <a 'sun/nio/fs/WindowsException'{0x00000000844d9560}> (0x00000000844d9560) 
thrown [s\src\hotspot\share\prims\jni.cpp, line 516]
Event: 27.116 Thread 0x0000022359e06900 Exception <a 'sun/nio/fs/WindowsException'{0x00000000844d9f60}> (0x00000000844d9f60) 
thrown [s\src\hotspot\share\prims\jni.cpp, line 516]
Event: 27.116 Thread 0x0000022359e06900 Exception <a 'sun/nio/fs/WindowsException'{0x00000000844da320}> (0x00000000844da320) 
thrown [s\src\hotspot\share\prims\jni.cpp, line 516]
Event: 27.116 Thread 0x0000022359e06900 Exception <a 'sun/nio/fs/WindowsException'{0x00000000844dad20}> (0x00000000844dad20) 
thrown [s\src\hotspot\share\prims\jni.cpp, line 516]
Event: 27.116 Thread 0x0000022359e06900 Exception <a 'sun/nio/fs/WindowsException'{0x00000000844db0d0}> (0x00000000844db0d0) 
thrown [s\src\hotspot\share\prims\jni.cpp, line 516]
Event: 27.117 Thread 0x0000022359e06900 Exception <a 'sun/nio/fs/WindowsException'{0x00000000844dbad0}> (0x00000000844dbad0) 
thrown [s\src\hotspot\share\prims\jni.cpp, line 516]
Event: 27.117 Thread 0x0000022359e06900 Exception <a 'sun/nio/fs/WindowsException'{0x00000000844dbe90}> (0x00000000844dbe90) 
thrown [s\src\hotspot\share\prims\jni.cpp, line 516]
Event: 27.117 Thread 0x0000022359e06900 Exception <a 'sun/nio/fs/WindowsException'{0x00000000844dc8b8}> (0x00000000844dc8b8) 
thrown [s\src\hotspot\share\prims\jni.cpp, line 516]
Event: 27.117 Thread 0x0000022359e06900 Exception <a 'sun/nio/fs/WindowsException'{0x00000000844dcc98}> (0x00000000844dcc98) 
thrown [s\src\hotspot\share\prims\jni.cpp, line 516]
Event: 27.117 Thread 0x0000022359e06900 Exception <a 'sun/nio/fs/WindowsException'{0x00000000844dd6d0}> (0x00000000844dd6d0) 
thrown [s\src\hotspot\share\prims\jni.cpp, line 516]
Event: 27.117 Thread 0x0000022359e06900 Exception <a 'sun/nio/fs/WindowsException'{0x00000000844ddac0}> (0x00000000844ddac0) 
thrown [s\src\hotspot\share\prims\jni.cpp, line 516]
Event: 27.118 Thread 0x0000022359e06900 Exception <a 'sun/nio/fs/WindowsException'{0x00000000844de4e8}> (0x00000000844de4e8) 
thrown [s\src\hotspot\share\prims\jni.cpp, line 516]
Event: 27.118 Thread 0x0000022359e06900 Exception <a 'sun/nio/fs/WindowsException'{0x00000000844de8d8}> (0x00000000844de8d8) 
thrown [s\src\hotspot\share\prims\jni.cpp, line 516]
Event: 29.430 Thread 0x000002235b734da0 Exception <a 'java/lang/NoSuchMethodError'{0x000000008afce8b0}: 'java.lang.Object java.lang.invoke.DirectMethodHandle$Holder.newInvokeSpecial(java.lang.Object, java.lang.Object, int)'> (0x000000008afce8b0) 
thrown [s\src\hotspot\share\interpreter\linkResolver.cpp, line 759]
Event: 29.445 Thread 0x000002235a66cf70 Exception <a 'java/lang/NoSuchMethodError'{0x000000008aeb6fa0}: 'java.lang.Object java.lang.invoke.Invokers$Holder.linkToTargetMethod(java.lang.Object, long, java.lang.Object)'> (0x000000008aeb6fa0) 
thrown [s\src\hotspot\share\interpreter\linkResolver.cpp, line 759]
Event: 29.472 Thread 0x000002235a66cf70 Exception <a 'sun/nio/fs/WindowsException'{0x000000008ad2a2e0}> (0x000000008ad2a2e0) 
thrown [s\src\hotspot\share\prims\jni.cpp, line 516]

VM Operations (20 events):
Event: 30.352 Executing VM operation: G1Concurrent done
Event: 30.403 Executing VM operation: G1Concurrent
Event: 30.414 Executing VM operation: G1Concurrent done
Event: 30.422 Executing VM operation: G1CollectForAllocation
Event: 30.430 Executing VM operation: G1CollectForAllocation done
Event: 30.430 Executing VM operation: G1CollectForAllocation
Event: 30.434 Executing VM operation: G1CollectForAllocation done
Event: 30.436 Executing VM operation: G1CollectForAllocation
Event: 30.445 Executing VM operation: G1CollectForAllocation done
Event: 30.445 Executing VM operation: G1CollectForAllocation
Event: 30.449 Executing VM operation: G1CollectForAllocation done
Event: 30.518 Executing VM operation: G1CollectForAllocation
Event: 30.519 Executing VM operation: G1CollectForAllocation done
Event: 30.519 Executing VM operation: G1CollectForAllocation
Event: 30.522 Executing VM operation: G1CollectForAllocation done
Event: 30.612 Executing VM operation: G1CollectForAllocation
Event: 30.630 Executing VM operation: G1CollectForAllocation done
Event: 30.630 Executing VM operation: G1CollectForAllocation
Event: 30.635 Executing VM operation: G1CollectForAllocation done
Event: 30.703 Executing VM operation: G1CollectForAllocation

Events (20 events):
Event: 29.457 loading class sun/security/provider/MD5
Event: 29.457 loading class sun/security/provider/MD5 done
Event: 29.458 loading class sun/security/provider/ByteArrayAccess$LE
Event: 29.458 loading class sun/security/provider/ByteArrayAccess$LE done
Event: 29.548 Thread 0x000002235a66c5d0 Thread added: 0x000002235a66c5d0
Event: 29.571 loading class java/nio/file/FileVisitOption
Event: 29.571 loading class java/nio/file/FileVisitOption done
Event: 29.571 loading class java/nio/file/FileTreeIterator
Event: 29.572 loading class java/nio/file/FileTreeIterator done
Event: 29.572 loading class java/nio/file/FileTreeWalker
Event: 29.572 loading class java/nio/file/FileTreeWalker done
Event: 29.573 loading class java/nio/file/FileTreeWalker$DirectoryNode
Event: 29.573 loading class java/nio/file/FileTreeWalker$DirectoryNode done
Event: 29.573 loading class java/nio/file/FileTreeWalker$Event
Event: 29.573 loading class java/nio/file/FileTreeWalker$Event done
Event: 29.573 loading class java/nio/file/FileTreeWalker$EventType
Event: 29.573 loading class java/nio/file/FileTreeWalker$EventType done
Event: 29.574 loading class java/util/stream/ForEachOps$ForEachOp$OfRef
Event: 29.574 loading class java/util/stream/ForEachOps$ForEachOp$OfRef done
Event: 30.030 Thread 0x0000022349ab2de0 Thread added: 0x0000022349ab2de0


Dynamic libraries:
0x00007ff655030000 - 0x00007ff65503e000 	c:\Users\JoshB\.vscode\extensions\redhat.java-1.12.0-win32-x64\jre\17.0.4.1-win32-x86_64\bin\java.exe
0x00007ff914d10000 - 0x00007ff914f08000 	C:\WINDOWS\SYSTEM32\ntdll.dll
0x00007ff912fc0000 - 0x00007ff91307d000 	C:\WINDOWS\System32\KERNEL32.DLL
0x00007ff912620000 - 0x00007ff9128f2000 	C:\WINDOWS\System32\KERNELBASE.dll
0x00007ff912ba0000 - 0x00007ff912ca0000 	C:\WINDOWS\System32\ucrtbase.dll
0x00007ff90a010000 - 0x00007ff90a028000 	c:\Users\JoshB\.vscode\extensions\redhat.java-1.12.0-win32-x64\jre\17.0.4.1-win32-x86_64\bin\jli.dll
0x00007ff913f10000 - 0x00007ff9140ad000 	C:\WINDOWS\System32\USER32.dll
0x00007ff912d40000 - 0x00007ff912d62000 	C:\WINDOWS\System32\win32u.dll
0x00007ff9138f0000 - 0x00007ff91391b000 	C:\WINDOWS\System32\GDI32.dll
0x00007ff912a40000 - 0x00007ff912b4f000 	C:\WINDOWS\System32\gdi32full.dll
0x00007ff912580000 - 0x00007ff91261d000 	C:\WINDOWS\System32\msvcp_win.dll
0x00007ff8fde90000 - 0x00007ff8fdea9000 	c:\Users\JoshB\.vscode\extensions\redhat.java-1.12.0-win32-x64\jre\17.0.4.1-win32-x86_64\bin\VCRUNTIME140.dll
0x00007ff8feaf0000 - 0x00007ff8fed8a000 	C:\WINDOWS\WinSxS\amd64_microsoft.windows.common-controls_6595b64144ccf1df_6.0.19041.1110_none_60b5254171f9507e\COMCTL32.dll
0x00007ff913e70000 - 0x00007ff913f0e000 	C:\WINDOWS\System32\msvcrt.dll
0x00007ff914ca0000 - 0x00007ff914cd0000 	C:\WINDOWS\System32\IMM32.DLL
0x00007ff8f0350000 - 0x00007ff8f04a8000 	C:\Program Files (x86)\Citrix\ICA Client\epclient64.dll
0x00007ff912ca0000 - 0x00007ff912cc7000 	C:\WINDOWS\System32\bcrypt.dll
0x00007ff914690000 - 0x00007ff9149e4000 	C:\WINDOWS\System32\combase.dll
0x00007ff913920000 - 0x00007ff913a45000 	C:\WINDOWS\System32\RPCRT4.dll
0x00007ff908120000 - 0x00007ff90812a000 	C:\WINDOWS\SYSTEM32\VERSION.dll
0x00007ff912e20000 - 0x00007ff912ece000 	C:\WINDOWS\System32\ADVAPI32.dll
0x00007ff913a50000 - 0x00007ff913aec000 	C:\WINDOWS\System32\sechost.dll
0x00007ff9115d0000 - 0x00007ff911603000 	C:\WINDOWS\SYSTEM32\ntmarta.dll
0x00007ff910c30000 - 0x00007ff910c42000 	C:\WINDOWS\SYSTEM32\kernel.appcore.dll
0x000002234b5a0000 - 0x000002234b622000 	C:\WINDOWS\System32\bcryptprimitives.dll
0x00007ff90cf20000 - 0x00007ff90cf2c000 	c:\Users\JoshB\.vscode\extensions\redhat.java-1.12.0-win32-x64\jre\17.0.4.1-win32-x86_64\bin\vcruntime140_1.dll
0x00007ff8d3360000 - 0x00007ff8d33f1000 	c:\Users\JoshB\.vscode\extensions\redhat.java-1.12.0-win32-x64\jre\17.0.4.1-win32-x86_64\bin\msvcp140.dll
0x00007ff88cb60000 - 0x00007ff88d7a6000 	c:\Users\JoshB\.vscode\extensions\redhat.java-1.12.0-win32-x64\jre\17.0.4.1-win32-x86_64\bin\server\jvm.dll
0x00007ff912ed0000 - 0x00007ff912ed8000 	C:\WINDOWS\System32\PSAPI.DLL
0x00007ff8f8d40000 - 0x00007ff8f8d49000 	C:\WINDOWS\SYSTEM32\WSOCK32.dll
0x00007ff913e00000 - 0x00007ff913e6b000 	C:\WINDOWS\System32\WS2_32.dll
0x00007ff8f9150000 - 0x00007ff8f9177000 	C:\WINDOWS\SYSTEM32\WINMM.dll
0x00007ff90a000000 - 0x00007ff90a00a000 	c:\Users\JoshB\.vscode\extensions\redhat.java-1.12.0-win32-x64\jre\17.0.4.1-win32-x86_64\bin\jimage.dll
0x00007ff910190000 - 0x00007ff910374000 	C:\WINDOWS\SYSTEM32\DBGHELP.DLL
0x00007ff8f8fa0000 - 0x00007ff8f8fcc000 	C:\WINDOWS\SYSTEM32\dbgcore.DLL
0x00007ff8f11c0000 - 0x00007ff8f11e5000 	c:\Users\JoshB\.vscode\extensions\redhat.java-1.12.0-win32-x64\jre\17.0.4.1-win32-x86_64\bin\java.dll
0x00007ff8f5260000 - 0x00007ff8f5278000 	c:\Users\JoshB\.vscode\extensions\redhat.java-1.12.0-win32-x64\jre\17.0.4.1-win32-x86_64\bin\zip.dll
0x00007ff913080000 - 0x00007ff9137c3000 	C:\WINDOWS\System32\SHELL32.dll
0x00007ff910480000 - 0x00007ff910c11000 	C:\WINDOWS\SYSTEM32\windows.storage.dll
0x00007ff911e80000 - 0x00007ff911eb0000 	C:\WINDOWS\SYSTEM32\Wldp.dll
0x00000223591c0000 - 0x000002235926d000 	C:\WINDOWS\System32\SHCORE.dll
0x0000022359270000 - 0x00000223592c5000 	C:\WINDOWS\System32\shlwapi.dll
0x00007ff912360000 - 0x00007ff91237f000 	C:\WINDOWS\SYSTEM32\profapi.dll
0x00007ff8f51d0000 - 0x00007ff8f51e9000 	C:\Users\JoshB\.vscode\extensions\redhat.java-1.12.0-win32-x64\jre\17.0.4.1-win32-x86_64\bin\net.dll
0x00007ff90eb30000 - 0x00007ff90ec3d000 	C:\WINDOWS\SYSTEM32\WINHTTP.dll
0x00007ff911be0000 - 0x00007ff911c4a000 	C:\WINDOWS\system32\mswsock.dll
0x00007ff8f10b0000 - 0x00007ff8f10c5000 	C:\Users\JoshB\.vscode\extensions\redhat.java-1.12.0-win32-x64\jre\17.0.4.1-win32-x86_64\bin\nio.dll
0x00007ff909d00000 - 0x00007ff909d10000 	c:\Users\JoshB\.vscode\extensions\redhat.java-1.12.0-win32-x64\jre\17.0.4.1-win32-x86_64\bin\verify.dll
0x00007ff9090d0000 - 0x00007ff9090d9000 	C:\Users\JoshB\.vscode\extensions\redhat.java-1.12.0-win32-x64\jre\17.0.4.1-win32-x86_64\bin\management.dll
0x00007ff8ffc30000 - 0x00007ff8ffc3b000 	C:\Users\JoshB\.vscode\extensions\redhat.java-1.12.0-win32-x64\jre\17.0.4.1-win32-x86_64\bin\management_ext.dll
0x00007ff8f61f0000 - 0x00007ff8f6207000 	C:\WINDOWS\system32\napinsp.dll
0x00007ff8f61d0000 - 0x00007ff8f61eb000 	C:\WINDOWS\system32\pnrpnsp.dll
0x00007ff90c500000 - 0x00007ff90c515000 	C:\WINDOWS\system32\wshbth.dll
0x00007ff90cd40000 - 0x00007ff90cd5d000 	C:\WINDOWS\system32\NLAapi.dll
0x00007ff911880000 - 0x00007ff9118bb000 	C:\WINDOWS\SYSTEM32\IPHLPAPI.DLL
0x00007ff911920000 - 0x00007ff9119ea000 	C:\WINDOWS\SYSTEM32\DNSAPI.dll
0x00007ff914ba0000 - 0x00007ff914ba8000 	C:\WINDOWS\System32\NSI.dll
0x00007ff8f61b0000 - 0x00007ff8f61c2000 	C:\WINDOWS\System32\winrnr.dll
0x00007ff909590000 - 0x00007ff90959a000 	C:\Windows\System32\rasadhlp.dll
0x00007ff908440000 - 0x00007ff9084c0000 	C:\WINDOWS\System32\fwpuclnt.dll
0x00007ff911dd0000 - 0x00007ff911de8000 	C:\WINDOWS\SYSTEM32\CRYPTSP.dll
0x00007ff911490000 - 0x00007ff9114c4000 	C:\WINDOWS\system32\rsaenh.dll
0x00007ff912320000 - 0x00007ff91234e000 	C:\WINDOWS\SYSTEM32\USERENV.dll
0x00007ff911df0000 - 0x00007ff911dfc000 	C:\WINDOWS\SYSTEM32\CRYPTBASE.dll
0x00007ff908f20000 - 0x00007ff908f37000 	C:\WINDOWS\SYSTEM32\dhcpcsvc6.DLL
0x00007ff909030000 - 0x00007ff90904d000 	C:\WINDOWS\SYSTEM32\dhcpcsvc.DLL

dbghelp: loaded successfully - version: 4.0.5 - missing functions: none
symbol engine: initialized successfully - sym options: 0x614 - pdb path: .;c:\Users\JoshB\.vscode\extensions\redhat.java-1.12.0-win32-x64\jre\17.0.4.1-win32-x86_64\bin;C:\WINDOWS\SYSTEM32;C:\WINDOWS\WinSxS\amd64_microsoft.windows.common-controls_6595b64144ccf1df_6.0.19041.1110_none_60b5254171f9507e;C:\Program Files (x86)\Citrix\ICA Client;c:\Users\JoshB\.vscode\extensions\redhat.java-1.12.0-win32-x64\jre\17.0.4.1-win32-x86_64\bin\server

VM Arguments:
jvm_args: -Dsts.lsp.client=vscode -Dsts.log.file=/dev/null -XX:TieredStopAtLevel=1 -Xlog:jni+resolve=off -Dspring.config.location=file:c:\Users\JoshB\.vscode\extensions\pivotal.vscode-spring-boot-1.40.0\language-server\BOOT-INF\classes\application.properties 
java_command: org.springframework.ide.vscode.boot.app.BootLanguageServerBootApp
java_class_path (initial): c:\Users\JoshB\.vscode\extensions\pivotal.vscode-spring-boot-1.40.0\language-server\BOOT-INF\classes;c:\Users\JoshB\.vscode\extensions\pivotal.vscode-spring-boot-1.40.0\language-server\BOOT-INF\lib\annotations-23.0.0.jar;c:\Users\JoshB\.vscode\extensions\pivotal.vscode-spring-boot-1.40.0\language-server\BOOT-INF\lib\ant-1.10.12.jar;c:\Users\JoshB\.vscode\extensions\pivotal.vscode-spring-boot-1.40.0\language-server\BOOT-INF\lib\ant-launcher-1.10.12.jar;c:\Users\JoshB\.vscode\extensions\pivotal.vscode-spring-boot-1.40.0\language-server\BOOT-INF\lib\antlr-runtime-3.5.2.jar;c:\Users\JoshB\.vscode\extensions\pivotal.vscode-spring-boot-1.40.0\language-server\BOOT-INF\lib\antlr4-4.9.3.jar;c:\Users\JoshB\.vscode\extensions\pivotal.vscode-spring-boot-1.40.0\language-server\BOOT-INF\lib\antlr4-runtime-4.9.3.jar;c:\Users\JoshB\.vscode\extensions\pivotal.vscode-spring-boot-1.40.0\language-server\BOOT-INF\lib\asm-9.3.jar;c:\Users\JoshB\.vscode\extensions\pivotal.vscode-spring-boot-1.40.0\language-server\BOOT-INF\lib\asm-analysis-9.3.jar;c:\Users\JoshB\.vscode\extensions\pivotal.vscode-spring-boot-1.40.0\language-server\BOOT-INF\lib\asm-tree-9.3.jar;c:\Users\JoshB\.vscode\extensions\pivotal.vscode-spring-boot-1.40.0\language-server\BOOT-INF\lib\asm-util-9.3.jar;c:\Users\JoshB\.vscode\extensions\pivotal.vscode-spring-boot-1.40.0\language-server\BOOT-INF\lib\byte-buddy-1.12.13.jar;c:\Users\JoshB\.vscode\extensions\pivotal.vscode-spring-boot-1.40.0\language-server\BOOT-INF\lib\caffeine-2.9.3.jar;c:\Users\JoshB\.vscode\extensions\pivotal.vscode-spring-boot-1.40.0\language-server\BOOT-INF\lib\checker-qual-3.12.0.jar;c:\Users\JoshB\.vscode\extensions\pivotal.vscode-spring-boot-1.40.0\language-server\BOOT-INF\lib\classgraph-4.8.149.jar;c:\Users\JoshB\.vscode\extensions\pivotal.vscode-spring-boot-1.40.0\language-server\BOOT-INF\lib\commons-codec-1.15.jar;c:\Users\JoshB\.vscode\extensions\pivotal.vscode-spring-boot-1.40.0\language-server\BOOT-INF\lib\commons-c
Launcher Type: SUN_STANDARD

[Global flags]
     intx CICompilerCount                          = 4                                         {product} {ergonomic}
     uint ConcGCThreads                            = 2                                         {product} {ergonomic}
     uint G1ConcRefinementThreads                  = 8                                         {product} {ergonomic}
   size_t G1HeapRegionSize                         = 1048576                                   {product} {ergonomic}
    uintx GCDrainStackTargetSize                   = 64                                        {product} {ergonomic}
   size_t InitialHeapSize                          = 132120576                                 {product} {ergonomic}
   size_t MarkStackSize                            = 4194304                                   {product} {ergonomic}
   size_t MaxHeapSize                              = 2107637760                                {product} {ergonomic}
   size_t MaxNewSize                               = 1264582656                                {product} {ergonomic}
   size_t MinHeapDeltaBytes                        = 1048576                                   {product} {ergonomic}
   size_t MinHeapSize                              = 8388608                                   {product} {ergonomic}
    uintx NonProfiledCodeHeapSize                  = 0                                      {pd product} {ergonomic}
     bool ProfileInterpreter                       = false                                  {pd product} {command line}
    uintx ProfiledCodeHeapSize                     = 0                                      {pd product} {ergonomic}
   size_t SoftMaxHeapSize                          = 2107637760                             {manageable} {ergonomic}
     intx TieredStopAtLevel                        = 1                                         {product} {command line}
     bool UseCompressedClassPointers               = true                           {product lp64_product} {ergonomic}
     bool UseCompressedOops                        = true                           {product lp64_product} {ergonomic}
     bool UseG1GC                                  = true                                      {product} {ergonomic}
     bool UseLargePagesIndividualAllocation        = false                                  {pd product} {ergonomic}

Logging:
Log output configuration:
 #0: stdout all=warning,jni+resolve=off uptime,level,tags
 #1: stderr all=off uptime,level,tags

Environment Variables:
JAVA_HOME=C:\Program Files\Java\jdk1.8.0_251
PATH=C:\Program Files (x86)\Common Files\Oracle\Java\javapath;C:\Program Files (x86)\Intel\iCLS Client\;C:\Program Files\Intel\iCLS Client\;C:\WINDOWS\system32;C:\WINDOWS;C:\WINDOWS\System32\Wbem;C:\WINDOWS\System32\WindowsPowerShell\v1.0\;C:\Program Files (x86)\Intel\Intel(R) Management Engine Components\DAL;C:\Program Files\Intel\Intel(R) Management Engine Components\DAL;C:\Program Files (x86)\Intel\Intel(R) Management Engine Components\IPT;C:\Program Files\Intel\Intel(R) Management Engine Components\IPT;C:\Program Files\dotnet\;C:\Program Files\Microsoft SQL Server\130\Tools\Binn\;C:\Program Files\Microsoft\Web Platform Installer\;C:\Program Files\Microsoft Service Fabric\bin\Fabric\Fabric.Code;C:\Program Files\Microsoft SDKs\Service Fabric\Tools\ServiceFabricLocalClusterManager;C:\WINDOWS\System32\OpenSSH\;C:\ProgramData\chocolatey\bin;C:\Program Files\Git\cmd;C:\Program Files\Microsoft SQL Server\Client SDK\ODBC\170\Tools\Binn\;C:\Program Files\Gradle\gradle-6.3\bin;C:\Program Files\Java\jdk1.8.0_251\bin;C:\Program Files\apache-maven-3.8.5\bin;C:\Program Files\Docker\Docker\resources\bin;C:\ProgramData\DockerDesktop\version-bin;C:\Users\JoshB\AppData\Roaming\nvm;C:\Program Files\nodejs;C:\Ruby31-x64\bin;C:\Program Files\MySQL\MySQL Shell 8.0\bin\;C:\Users\JoshB\AppData\Local\Programs\Python\Python37-32\Scripts\;C:\Users\JoshB\AppData\Local\Programs\Python\Python37-32\;C:\Users\JoshB\AppData\Local\Microsoft\WindowsApps;C:\Users\JoshB\AppData\Local\GitHubDesktop\bin;C:\Users\JoshB\AppData\Local\Microsoft\WindowsApps;C:\Users\JoshB\AppData\Local\Programs\Microsoft VS Code\bin;C:\Program Files\JetBrains\IntelliJ IDEA Educational Edition 2020.3\bin;;C:\Users\JoshB\AppData\Roaming\npm;C:\Users\JoshB\AppData\Roaming\nvm;C:\Program Files\nodejs
USERNAME=JoshB
OS=Windows_NT
PROCESSOR_IDENTIFIER=Intel64 Family 6 Model 142 Stepping 10, GenuineIntel
TMP=C:\Users\JoshB\AppData\Local\Temp
TEMP=C:\Users\JoshB\AppData\Local\Temp



---------------  S Y S T E M  ---------------

OS:
 Windows 10 , 64 bit Build 19041 (10.0.19041.1889)
OS uptime: 0 days 22:59 hours

CPU: total 8 (initial active 8) (4 cores per cpu, 2 threads per core) family 6 model 142 stepping 10 microcode 0xb4, cx8, cmov, fxsr, ht, mmx, 3dnowpref, sse, sse2, sse3, ssse3, sse4.1, sse4.2, popcnt, lzcnt, tsc, tscinvbit, avx, avx2, aes, erms, clmul, bmi1, bmi2, adx, fma, vzeroupper, clflush, clflushopt

Memory: 4k page, system-wide physical 8033M (103M free)
TotalPageFile size 32609M (AvailPageFile size 4M)
current process WorkingSet (physical memory assigned to process): 315M, peak: 315M
current process commit charge ("private bytes"): 363M, peak: 592M

vm_info: OpenJDK 64-Bit Server VM (17.0.4.1+1) for windows-amd64 JRE (17.0.4.1+1), built on Aug 17 2022 07:42:43 by "temurin" with MS VC++ 16.7 (VS2019)

END.
